[2024-08-19 13:47:35] ***** Run The Server *****
[2024-08-19 13:47:35] INFO: The Poll Constructor Called!
[2024-08-19 13:47:35] INFO: The Servers In The Poll Constructor Created!
[2024-08-19 13:47:35] INFO: MIME Loaded.
[2024-08-19 13:47:35] INFO: MIME Loaded.
[2024-08-19 13:47:35] INFO: MIME Loaded.
[2024-08-19 13:47:35] INFO: MIME Loaded.
[2024-08-19 13:47:35] INFO: The Fds In The Poll Constructor Initiated!
[2024-08-19 13:47:35] INFO: The Poll On The Server List start To set!
[2024-08-19 13:47:45] INFO: Connected Sockets Cleaned!
[2024-08-19 13:47:45] WARNING: EventsNum Is Equal To: 0
[2024-08-19 13:47:55] INFO: Connected Sockets Cleaned!
[2024-08-19 13:47:55] WARNING: EventsNum Is Equal To: 0
[2024-08-19 13:48:05] INFO: Connected Sockets Cleaned!
[2024-08-19 13:48:05] WARNING: EventsNum Is Equal To: 0
[2024-08-19 13:48:15] INFO: Connected Sockets Cleaned!
[2024-08-19 13:48:15] WARNING: EventsNum Is Equal To: 0
[2024-08-19 13:48:25] INFO: Connected Sockets Cleaned!
[2024-08-19 13:48:25] WARNING: EventsNum Is Equal To: 0
[2024-08-19 13:48:35] INFO: Connected Sockets Cleaned!
[2024-08-19 13:48:35] WARNING: EventsNum Is Equal To: 0
[2024-08-19 13:48:45] INFO: Connected Sockets Cleaned!
[2024-08-19 13:48:45] WARNING: EventsNum Is Equal To: 0
[2024-08-19 13:48:55] INFO: Connected Sockets Cleaned!
[2024-08-19 13:48:55] WARNING: EventsNum Is Equal To: 0
[2024-08-19 13:49:05] INFO: Connected Sockets Cleaned!
[2024-08-19 13:49:05] WARNING: EventsNum Is Equal To: 0
[2024-08-19 13:49:15] INFO: Connected Sockets Cleaned!
[2024-08-19 13:49:15] WARNING: EventsNum Is Equal To: 0
[2024-08-19 13:49:25] INFO: Connected Sockets Cleaned!
[2024-08-19 13:49:25] WARNING: EventsNum Is Equal To: 0
[2024-08-19 13:49:35] INFO: Connected Sockets Cleaned!
[2024-08-19 13:49:35] WARNING: EventsNum Is Equal To: 0
[2024-08-19 13:49:45] INFO: Connected Sockets Cleaned!
[2024-08-19 13:49:45] WARNING: EventsNum Is Equal To: 0
[2024-08-19 13:49:55] INFO: Connected Sockets Cleaned!
[2024-08-19 13:49:55] WARNING: EventsNum Is Equal To: 0
[2024-08-19 13:50:05] INFO: Connected Sockets Cleaned!
[2024-08-19 13:50:05] WARNING: EventsNum Is Equal To: 0
[2024-08-19 13:50:15] INFO: Connected Sockets Cleaned!
[2024-08-19 13:50:15] WARNING: EventsNum Is Equal To: 0
[2024-08-19 13:50:25] INFO: Connected Sockets Cleaned!
[2024-08-19 13:50:25] WARNING: EventsNum Is Equal To: 0
[2024-08-19 13:50:35] INFO: Connected Sockets Cleaned!
[2024-08-19 13:50:35] WARNING: EventsNum Is Equal To: 0
[2024-08-19 13:50:46] INFO: Connected Sockets Cleaned!
[2024-08-19 13:50:46] WARNING: EventsNum Is Equal To: 0
[2024-08-19 13:50:56] INFO: Connected Sockets Cleaned!
[2024-08-19 13:50:56] WARNING: EventsNum Is Equal To: 0
[2024-08-19 13:51:06] INFO: Connected Sockets Cleaned!
[2024-08-19 13:51:06] WARNING: EventsNum Is Equal To: 0
[2024-08-19 13:51:16] INFO: Connected Sockets Cleaned!
[2024-08-19 13:51:16] WARNING: EventsNum Is Equal To: 0
[2024-08-19 13:51:19] INFO: Connected Sockets Cleaned!
[2024-08-19 13:51:19] INFO: Connected Sockets Cleaned!
[2024-08-19 13:51:19] ERROR: Sig Request With Unsupported Extention!
[2024-08-19 13:51:19] INFO: MIME Loaded.
[2024-08-19 13:51:19] INFO: Received GET request for ./www//navid/cgi-bin/myScript.py/we/we
[2024-08-19 13:51:19] ERROR: File Not Open In The readBinaryFile Function!
[2024-08-19 13:51:19] INFO: Received GET request for ./www//navid/cgi-bin/myScript.py/we/we
[2024-08-19 13:51:19] INFO: Environment Variable Created!
[2024-08-19 13:51:20] INFO: CGI Passed!
[2024-08-19 13:51:20] Error: Getting File Information In generateETag function Failed: ./www//navid/cgi-bin/myScript.py/we/we
[2024-08-19 13:51:20] esponse Generated for socket fd: 
[2024-08-19 13:51:20] INFO: Connected Sockets Cleaned!
[2024-08-19 13:51:20] esponse Sent for socket fd: 
[2024-08-19 13:51:20] INFO: Connected Sockets Cleaned!
[2024-08-19 13:51:20] INFO: Connected Sockets Cleaned!
[2024-08-19 13:51:20] ERROR: Sig Request With Unsupported Extention!
[2024-08-19 13:51:20] INFO: MIME Loaded.
[2024-08-19 13:51:20] INFO: Received GET request for ./www//navid/favicon.ico
[2024-08-19 13:51:20] INFO: Received GET request for ./www//navid/favicon.ico
[2024-08-19 13:51:20] esponse Generated for socket fd: 
[2024-08-19 13:51:20] INFO: Connected Sockets Cleaned!
[2024-08-19 13:51:20] esponse Sent for socket fd: 
[2024-08-19 13:51:30] INFO: Connected Sockets Cleaned!
[2024-08-19 13:51:30] WARNING: EventsNum Is Equal To: 0
[2024-08-19 13:51:40] INFO: Connected Sockets Cleaned!
[2024-08-19 13:51:40] WARNING: EventsNum Is Equal To: 0
[2024-08-19 13:51:50] INFO: Connected Sockets Cleaned!
[2024-08-19 13:51:50] WARNING: EventsNum Is Equal To: 0
[2024-08-19 13:52:00] INFO: Connected Sockets Cleaned!
[2024-08-19 13:52:00] WARNING: EventsNum Is Equal To: 0
[2024-08-19 13:52:10] INFO: Connected Sockets Cleaned!
[2024-08-19 13:52:10] WARNING: EventsNum Is Equal To: 0
[2024-08-19 13:52:20] INFO: Connected Sockets Cleaned!
[2024-08-19 13:52:20] WARNING: EventsNum Is Equal To: 0
[2024-08-19 13:52:30] INFO: Connected Sockets Cleaned!
[2024-08-19 13:52:30] WARNING: EventsNum Is Equal To: 0
[2024-08-19 13:52:40] INFO: Connected Sockets Cleaned!
[2024-08-19 13:52:40] WARNING: EventsNum Is Equal To: 0
[2024-08-19 13:52:50] INFO: Connected Sockets Cleaned!
[2024-08-19 13:52:50] WARNING: EventsNum Is Equal To: 0
[2024-08-19 13:53:00] INFO: Connected Sockets Cleaned!
[2024-08-19 13:53:00] WARNING: EventsNum Is Equal To: 0
[2024-08-19 13:53:10] INFO: Connected Sockets Cleaned!
[2024-08-19 13:53:10] WARNING: EventsNum Is Equal To: 0
[2024-08-19 13:53:20] INFO: Connected Sockets Cleaned!
[2024-08-19 13:53:20] WARNING: EventsNum Is Equal To: 0
[2024-08-19 13:53:30] INFO: Connected Sockets Cleaned!
[2024-08-19 13:53:30] WARNING: EventsNum Is Equal To: 0
[2024-08-19 13:53:40] INFO: Connected Sockets Cleaned!
[2024-08-19 13:53:40] WARNING: EventsNum Is Equal To: 0
[2024-08-19 13:53:50] INFO: Connected Sockets Cleaned!
[2024-08-19 13:53:50] WARNING: EventsNum Is Equal To: 0
[2024-08-19 13:54:00] INFO: Connected Sockets Cleaned!
[2024-08-19 13:54:00] WARNING: EventsNum Is Equal To: 0
[2024-08-19 13:54:06] INFO: Connected Sockets Cleaned!
[2024-08-19 13:54:06] INFO: Connected Sockets Cleaned!
[2024-08-19 13:54:06] ERROR: Sig Request With Unsupported Extention!
[2024-08-19 13:54:06] INFO: MIME Loaded.
[2024-08-19 13:54:06] INFO: Received GET request for ./www//navid/cgi-bin/myScript.py?navid=nabaeei
[2024-08-19 13:54:06] ERROR: File Not Open In The readBinaryFile Function!
[2024-08-19 13:54:06] INFO: Received GET request for ./www//navid/cgi-bin/myScript.py?navid=nabaeei
[2024-08-19 13:54:06] INFO: Environment Variable Created!
[2024-08-19 13:54:06] INFO: CGI Passed!
[2024-08-19 13:54:06] Error: Getting File Information In generateETag function Failed: ./www//navid/cgi-bin/myScript.py?navid=nabaeei
[2024-08-19 13:54:06] esponse Generated for socket fd: 
[2024-08-19 13:54:06] INFO: Connected Sockets Cleaned!
[2024-08-19 13:54:06] esponse Sent for socket fd: 
[2024-08-19 13:54:07] INFO: Connected Sockets Cleaned!
[2024-08-19 13:54:17] INFO: Connected Sockets Cleaned!
[2024-08-19 13:54:17] WARNING: EventsNum Is Equal To: 0
[2024-08-19 13:54:27] INFO: Connected Sockets Cleaned!
[2024-08-19 13:54:27] WARNING: EventsNum Is Equal To: 0
[2024-08-19 13:54:37] INFO: Connected Sockets Cleaned!
[2024-08-19 13:54:37] WARNING: EventsNum Is Equal To: 0
[2024-08-19 13:54:47] INFO: Connected Sockets Cleaned!
[2024-08-19 13:54:47] WARNING: EventsNum Is Equal To: 0
[2024-08-19 13:54:57] INFO: Connected Sockets Cleaned!
[2024-08-19 13:54:57] WARNING: EventsNum Is Equal To: 0
[2024-08-19 13:55:07] INFO: Connected Sockets Cleaned!
[2024-08-19 13:55:07] WARNING: EventsNum Is Equal To: 0
[2024-08-19 13:55:17] INFO: Connected Sockets Cleaned!
[2024-08-19 13:55:17] WARNING: EventsNum Is Equal To: 0
[2024-08-19 13:55:27] INFO: Connected Sockets Cleaned!
[2024-08-19 13:55:27] WARNING: EventsNum Is Equal To: 0
[2024-08-19 13:55:37] INFO: Connected Sockets Cleaned!
[2024-08-19 13:55:37] WARNING: EventsNum Is Equal To: 0
[2024-08-19 13:55:47] INFO: Connected Sockets Cleaned!
[2024-08-19 13:55:47] WARNING: EventsNum Is Equal To: 0
[2024-08-19 13:55:57] INFO: Connected Sockets Cleaned!
[2024-08-19 13:55:57] WARNING: EventsNum Is Equal To: 0
[2024-08-19 13:56:07] INFO: Connected Sockets Cleaned!
[2024-08-19 13:56:07] WARNING: EventsNum Is Equal To: 0
[2024-08-19 13:56:17] INFO: Connected Sockets Cleaned!
[2024-08-19 13:56:17] WARNING: EventsNum Is Equal To: 0
[2024-08-19 13:56:27] INFO: Connected Sockets Cleaned!
[2024-08-19 13:56:27] WARNING: EventsNum Is Equal To: 0
[2024-08-19 13:56:37] INFO: Connected Sockets Cleaned!
[2024-08-19 13:56:37] WARNING: EventsNum Is Equal To: 0
[2024-08-19 13:56:47] INFO: Connected Sockets Cleaned!
[2024-08-19 13:56:47] WARNING: EventsNum Is Equal To: 0
[2024-08-19 13:56:57] INFO: Connected Sockets Cleaned!
[2024-08-19 13:56:57] WARNING: EventsNum Is Equal To: 0
[2024-08-19 13:57:07] INFO: Connected Sockets Cleaned!
[2024-08-19 13:57:07] WARNING: EventsNum Is Equal To: 0
[2024-08-19 13:57:17] INFO: Connected Sockets Cleaned!
[2024-08-19 13:57:17] WARNING: EventsNum Is Equal To: 0
[2024-08-19 13:57:27] INFO: Connected Sockets Cleaned!
[2024-08-19 13:57:27] WARNING: EventsNum Is Equal To: 0
[2024-08-19 13:57:37] INFO: Connected Sockets Cleaned!
[2024-08-19 13:57:37] WARNING: EventsNum Is Equal To: 0
[2024-08-19 13:57:47] INFO: Connected Sockets Cleaned!
[2024-08-19 13:57:47] WARNING: EventsNum Is Equal To: 0
[2024-08-19 13:57:57] INFO: Connected Sockets Cleaned!
[2024-08-19 13:57:57] WARNING: EventsNum Is Equal To: 0
[2024-08-19 13:58:07] INFO: Connected Sockets Cleaned!
[2024-08-19 13:58:07] WARNING: EventsNum Is Equal To: 0
[2024-08-19 13:58:17] INFO: Connected Sockets Cleaned!
[2024-08-19 13:58:17] WARNING: EventsNum Is Equal To: 0
[2024-08-19 13:58:27] INFO: Connected Sockets Cleaned!
[2024-08-19 13:58:27] WARNING: EventsNum Is Equal To: 0
[2024-08-19 13:58:37] INFO: Connected Sockets Cleaned!
[2024-08-19 13:58:37] WARNING: EventsNum Is Equal To: 0
[2024-08-19 13:58:47] INFO: Connected Sockets Cleaned!
[2024-08-19 13:58:47] WARNING: EventsNum Is Equal To: 0
[2024-08-19 13:58:57] INFO: Connected Sockets Cleaned!
[2024-08-19 13:58:57] WARNING: EventsNum Is Equal To: 0
[2024-08-19 13:59:07] INFO: Connected Sockets Cleaned!
[2024-08-19 13:59:07] WARNING: EventsNum Is Equal To: 0
[2024-08-19 13:59:17] INFO: Connected Sockets Cleaned!
[2024-08-19 13:59:17] WARNING: EventsNum Is Equal To: 0
[2024-08-19 13:59:27] INFO: Connected Sockets Cleaned!
[2024-08-19 13:59:27] WARNING: EventsNum Is Equal To: 0
[2024-08-19 13:59:37] INFO: Connected Sockets Cleaned!
[2024-08-19 13:59:37] WARNING: EventsNum Is Equal To: 0
[2024-08-19 13:59:47] INFO: Connected Sockets Cleaned!
[2024-08-19 13:59:47] WARNING: EventsNum Is Equal To: 0
[2024-08-19 13:59:57] INFO: Connected Sockets Cleaned!
[2024-08-19 13:59:57] WARNING: EventsNum Is Equal To: 0
[2024-08-19 14:00:07] INFO: Connected Sockets Cleaned!
[2024-08-19 14:00:07] WARNING: EventsNum Is Equal To: 0
[2024-08-19 14:00:17] INFO: Connected Sockets Cleaned!
[2024-08-19 14:00:17] WARNING: EventsNum Is Equal To: 0
[2024-08-19 14:00:27] INFO: Connected Sockets Cleaned!
[2024-08-19 14:00:27] WARNING: EventsNum Is Equal To: 0
[2024-08-19 14:00:37] INFO: Connected Sockets Cleaned!
[2024-08-19 14:00:37] WARNING: EventsNum Is Equal To: 0
[2024-08-19 14:00:47] INFO: Connected Sockets Cleaned!
[2024-08-19 14:00:47] WARNING: EventsNum Is Equal To: 0
[2024-08-19 14:00:57] INFO: Connected Sockets Cleaned!
[2024-08-19 14:00:57] WARNING: EventsNum Is Equal To: 0
[2024-08-19 14:01:07] INFO: Connected Sockets Cleaned!
[2024-08-19 14:01:07] WARNING: EventsNum Is Equal To: 0
[2024-08-19 14:01:17] INFO: Connected Sockets Cleaned!
[2024-08-19 14:01:17] WARNING: EventsNum Is Equal To: 0
[2024-08-19 14:01:27] INFO: Connected Sockets Cleaned!
[2024-08-19 14:01:27] WARNING: EventsNum Is Equal To: 0
[2024-08-19 14:01:37] INFO: Connected Sockets Cleaned!
[2024-08-19 14:01:37] WARNING: EventsNum Is Equal To: 0
[2024-08-19 14:01:47] INFO: Connected Sockets Cleaned!
[2024-08-19 14:01:47] WARNING: EventsNum Is Equal To: 0
[2024-08-19 14:01:57] INFO: Connected Sockets Cleaned!
[2024-08-19 14:01:57] WARNING: EventsNum Is Equal To: 0
[2024-08-19 14:02:07] INFO: Connected Sockets Cleaned!
[2024-08-19 14:02:07] WARNING: EventsNum Is Equal To: 0
[2024-08-19 14:02:17] INFO: Connected Sockets Cleaned!
[2024-08-19 14:02:17] WARNING: EventsNum Is Equal To: 0
[2024-08-19 14:02:27] INFO: Connected Sockets Cleaned!
[2024-08-19 14:02:27] WARNING: EventsNum Is Equal To: 0
[2024-08-19 14:02:37] INFO: Connected Sockets Cleaned!
[2024-08-19 14:02:37] WARNING: EventsNum Is Equal To: 0
[2024-08-19 14:02:47] INFO: Connected Sockets Cleaned!
[2024-08-19 14:02:47] WARNING: EventsNum Is Equal To: 0
[2024-08-19 14:02:57] INFO: Connected Sockets Cleaned!
[2024-08-19 14:02:57] WARNING: EventsNum Is Equal To: 0
[2024-08-19 14:03:07] INFO: Connected Sockets Cleaned!
[2024-08-19 14:03:07] WARNING: EventsNum Is Equal To: 0
[2024-08-19 14:03:17] INFO: Connected Sockets Cleaned!
[2024-08-19 14:03:17] WARNING: EventsNum Is Equal To: 0
[2024-08-19 14:03:27] INFO: Connected Sockets Cleaned!
[2024-08-19 14:03:27] WARNING: EventsNum Is Equal To: 0
[2024-08-19 14:03:37] INFO: Connected Sockets Cleaned!
[2024-08-19 14:03:37] WARNING: EventsNum Is Equal To: 0
[2024-08-19 14:03:47] INFO: Connected Sockets Cleaned!
[2024-08-19 14:03:47] WARNING: EventsNum Is Equal To: 0
[2024-08-19 14:03:57] INFO: Connected Sockets Cleaned!
[2024-08-19 14:03:57] WARNING: EventsNum Is Equal To: 0
[2024-08-19 14:04:07] INFO: Connected Sockets Cleaned!
[2024-08-19 14:04:07] WARNING: EventsNum Is Equal To: 0
[2024-08-19 14:04:17] INFO: Connected Sockets Cleaned!
[2024-08-19 14:04:17] WARNING: EventsNum Is Equal To: 0
[2024-08-19 14:04:27] INFO: Connected Sockets Cleaned!
[2024-08-19 14:04:27] WARNING: EventsNum Is Equal To: 0
[2024-08-19 14:04:37] INFO: Connected Sockets Cleaned!
[2024-08-19 14:04:37] WARNING: EventsNum Is Equal To: 0
[2024-08-19 14:04:47] INFO: Connected Sockets Cleaned!
[2024-08-19 14:04:47] WARNING: EventsNum Is Equal To: 0
[2024-08-19 14:04:57] INFO: Connected Sockets Cleaned!
[2024-08-19 14:04:57] WARNING: EventsNum Is Equal To: 0
[2024-08-19 14:05:07] INFO: Connected Sockets Cleaned!
[2024-08-19 14:05:07] WARNING: EventsNum Is Equal To: 0
[2024-08-19 14:05:17] INFO: Connected Sockets Cleaned!
[2024-08-19 14:05:17] WARNING: EventsNum Is Equal To: 0
[2024-08-19 14:05:27] INFO: Connected Sockets Cleaned!
[2024-08-19 14:05:27] WARNING: EventsNum Is Equal To: 0
[2024-08-19 14:05:37] INFO: Connected Sockets Cleaned!
[2024-08-19 14:05:37] WARNING: EventsNum Is Equal To: 0
[2024-08-19 14:05:47] INFO: Connected Sockets Cleaned!
[2024-08-19 14:05:47] WARNING: EventsNum Is Equal To: 0
[2024-08-19 14:05:57] INFO: Connected Sockets Cleaned!
[2024-08-19 14:05:57] WARNING: EventsNum Is Equal To: 0
[2024-08-19 14:06:07] INFO: Connected Sockets Cleaned!
[2024-08-19 14:06:07] WARNING: EventsNum Is Equal To: 0
[2024-08-19 14:06:17] INFO: Connected Sockets Cleaned!
[2024-08-19 14:06:17] WARNING: EventsNum Is Equal To: 0
[2024-08-19 14:06:27] INFO: Connected Sockets Cleaned!
[2024-08-19 14:06:27] WARNING: EventsNum Is Equal To: 0
[2024-08-19 14:06:37] INFO: Connected Sockets Cleaned!
[2024-08-19 14:06:37] WARNING: EventsNum Is Equal To: 0
[2024-08-19 14:06:47] INFO: Connected Sockets Cleaned!
[2024-08-19 14:06:47] WARNING: EventsNum Is Equal To: 0
[2024-08-19 14:06:57] INFO: Connected Sockets Cleaned!
[2024-08-19 14:06:57] WARNING: EventsNum Is Equal To: 0
[2024-08-19 14:07:07] INFO: Connected Sockets Cleaned!
[2024-08-19 14:07:07] WARNING: EventsNum Is Equal To: 0
[2024-08-19 14:07:17] INFO: Connected Sockets Cleaned!
[2024-08-19 14:07:17] WARNING: EventsNum Is Equal To: 0
[2024-08-19 14:07:27] INFO: Connected Sockets Cleaned!
[2024-08-19 14:07:27] WARNING: EventsNum Is Equal To: 0
[2024-08-19 14:07:37] INFO: Connected Sockets Cleaned!
[2024-08-19 14:07:37] WARNING: EventsNum Is Equal To: 0
[2024-08-19 14:07:47] INFO: Connected Sockets Cleaned!
[2024-08-19 14:07:47] WARNING: EventsNum Is Equal To: 0
[2024-08-19 14:07:57] INFO: Connected Sockets Cleaned!
[2024-08-19 14:07:57] WARNING: EventsNum Is Equal To: 0
[2024-08-19 14:08:08] INFO: Connected Sockets Cleaned!
[2024-08-19 14:08:08] WARNING: EventsNum Is Equal To: 0
[2024-08-19 14:08:18] INFO: Connected Sockets Cleaned!
[2024-08-19 14:08:18] WARNING: EventsNum Is Equal To: 0
[2024-08-19 14:08:28] INFO: Connected Sockets Cleaned!
[2024-08-19 14:08:28] WARNING: EventsNum Is Equal To: 0
[2024-08-19 14:08:38] INFO: Connected Sockets Cleaned!
[2024-08-19 14:08:38] WARNING: EventsNum Is Equal To: 0
[2024-08-19 14:08:48] INFO: Connected Sockets Cleaned!
[2024-08-19 14:08:48] WARNING: EventsNum Is Equal To: 0
[2024-08-19 14:08:58] INFO: Connected Sockets Cleaned!
[2024-08-19 14:08:58] WARNING: EventsNum Is Equal To: 0
[2024-08-19 14:09:08] INFO: Connected Sockets Cleaned!
[2024-08-19 14:09:08] WARNING: EventsNum Is Equal To: 0
[2024-08-19 14:09:18] INFO: Connected Sockets Cleaned!
[2024-08-19 14:09:18] WARNING: EventsNum Is Equal To: 0
[2024-08-19 14:09:28] INFO: Connected Sockets Cleaned!
[2024-08-19 14:09:28] WARNING: EventsNum Is Equal To: 0
[2024-08-19 14:09:38] INFO: Connected Sockets Cleaned!
[2024-08-19 14:09:38] WARNING: EventsNum Is Equal To: 0
[2024-08-19 14:09:48] INFO: Connected Sockets Cleaned!
[2024-08-19 14:09:48] WARNING: EventsNum Is Equal To: 0
[2024-08-19 14:09:58] INFO: Connected Sockets Cleaned!
[2024-08-19 14:09:58] WARNING: EventsNum Is Equal To: 0
[2024-08-19 14:10:08] INFO: Connected Sockets Cleaned!
[2024-08-19 14:10:08] WARNING: EventsNum Is Equal To: 0
[2024-08-19 14:10:18] INFO: Connected Sockets Cleaned!
[2024-08-19 14:10:18] WARNING: EventsNum Is Equal To: 0
[2024-08-19 14:10:28] INFO: Connected Sockets Cleaned!
[2024-08-19 14:10:28] WARNING: EventsNum Is Equal To: 0
[2024-08-19 17:22:21] INFO: Connected Sockets Cleaned!
[2024-08-19 17:22:21] WARNING: EventsNum Is Equal To: 0
[2024-08-19 17:22:31] INFO: Connected Sockets Cleaned!
[2024-08-19 17:22:31] WARNING: EventsNum Is Equal To: 0
[2024-08-19 17:22:41] INFO: Connected Sockets Cleaned!
[2024-08-19 17:22:41] WARNING: EventsNum Is Equal To: 0
[2024-08-19 17:22:51] INFO: Connected Sockets Cleaned!
[2024-08-19 17:22:51] WARNING: EventsNum Is Equal To: 0
[2024-08-19 17:23:01] INFO: Connected Sockets Cleaned!
[2024-08-19 17:23:01] WARNING: EventsNum Is Equal To: 0
[2024-08-19 17:23:11] INFO: Connected Sockets Cleaned!
[2024-08-19 17:23:11] WARNING: EventsNum Is Equal To: 0
[2024-08-19 17:23:21] INFO: Connected Sockets Cleaned!
[2024-08-19 17:23:21] WARNING: EventsNum Is Equal To: 0
[2024-08-19 17:23:31] INFO: Connected Sockets Cleaned!
[2024-08-19 17:23:31] WARNING: EventsNum Is Equal To: 0
[2024-08-19 17:23:41] INFO: Connected Sockets Cleaned!
[2024-08-19 17:23:41] WARNING: EventsNum Is Equal To: 0
[2024-08-19 17:23:51] INFO: Connected Sockets Cleaned!
[2024-08-19 17:23:51] WARNING: EventsNum Is Equal To: 0
[2024-08-19 17:24:01] INFO: Connected Sockets Cleaned!
[2024-08-19 17:24:01] WARNING: EventsNum Is Equal To: 0
[2024-08-19 17:24:11] INFO: Connected Sockets Cleaned!
[2024-08-19 17:24:11] WARNING: EventsNum Is Equal To: 0
[2024-08-19 17:24:21] INFO: Connected Sockets Cleaned!
[2024-08-19 17:24:21] WARNING: EventsNum Is Equal To: 0
[2024-08-19 17:24:31] INFO: Connected Sockets Cleaned!
[2024-08-19 17:24:31] WARNING: EventsNum Is Equal To: 0
[2024-08-19 17:24:41] INFO: Connected Sockets Cleaned!
[2024-08-19 17:24:41] WARNING: EventsNum Is Equal To: 0
[2024-08-19 17:24:51] INFO: Connected Sockets Cleaned!
[2024-08-19 17:24:51] WARNING: EventsNum Is Equal To: 0
[2024-08-19 17:25:01] INFO: Connected Sockets Cleaned!
[2024-08-19 17:25:01] WARNING: EventsNum Is Equal To: 0
[2024-08-19 17:25:11] INFO: Connected Sockets Cleaned!
[2024-08-19 17:25:11] WARNING: EventsNum Is Equal To: 0
[2024-08-19 17:25:21] INFO: Connected Sockets Cleaned!
[2024-08-19 17:25:21] WARNING: EventsNum Is Equal To: 0
[2024-08-19 17:25:31] INFO: Connected Sockets Cleaned!
[2024-08-19 17:25:31] WARNING: EventsNum Is Equal To: 0
[2024-08-19 17:25:41] INFO: Connected Sockets Cleaned!
[2024-08-19 17:25:41] WARNING: EventsNum Is Equal To: 0
[2024-08-19 17:25:51] INFO: Connected Sockets Cleaned!
[2024-08-19 17:25:51] WARNING: EventsNum Is Equal To: 0
[2024-08-19 17:26:01] INFO: Connected Sockets Cleaned!
[2024-08-19 17:26:01] WARNING: EventsNum Is Equal To: 0
[2024-08-19 17:26:11] INFO: Connected Sockets Cleaned!
[2024-08-19 17:26:11] WARNING: EventsNum Is Equal To: 0
[2024-08-19 17:26:21] INFO: Connected Sockets Cleaned!
[2024-08-19 17:26:21] WARNING: EventsNum Is Equal To: 0
[2024-08-19 17:26:31] INFO: Connected Sockets Cleaned!
[2024-08-19 17:26:31] WARNING: EventsNum Is Equal To: 0
[2024-08-19 17:26:41] INFO: Connected Sockets Cleaned!
[2024-08-19 17:26:41] WARNING: EventsNum Is Equal To: 0
[2024-08-19 17:26:51] INFO: Connected Sockets Cleaned!
[2024-08-19 17:26:51] WARNING: EventsNum Is Equal To: 0
[2024-08-19 17:27:01] INFO: Connected Sockets Cleaned!
[2024-08-19 17:27:01] WARNING: EventsNum Is Equal To: 0
[2024-08-19 17:27:11] INFO: Connected Sockets Cleaned!
[2024-08-19 17:27:11] WARNING: EventsNum Is Equal To: 0
[2024-08-19 17:27:21] INFO: Connected Sockets Cleaned!
[2024-08-19 17:27:21] WARNING: EventsNum Is Equal To: 0
[2024-08-19 17:27:31] INFO: Connected Sockets Cleaned!
[2024-08-19 17:27:31] WARNING: EventsNum Is Equal To: 0
[2024-08-19 17:27:41] INFO: Connected Sockets Cleaned!
[2024-08-19 17:27:41] WARNING: EventsNum Is Equal To: 0
[2024-08-19 17:27:51] INFO: Connected Sockets Cleaned!
[2024-08-19 17:27:51] WARNING: EventsNum Is Equal To: 0
[2024-08-19 17:28:01] INFO: Connected Sockets Cleaned!
[2024-08-19 17:28:01] WARNING: EventsNum Is Equal To: 0
[2024-08-19 17:28:11] INFO: Connected Sockets Cleaned!
[2024-08-19 17:28:11] WARNING: EventsNum Is Equal To: 0
[2024-08-19 17:28:21] INFO: Connected Sockets Cleaned!
[2024-08-19 17:28:21] WARNING: EventsNum Is Equal To: 0
[2024-08-19 17:28:31] INFO: Connected Sockets Cleaned!
[2024-08-19 17:28:31] WARNING: EventsNum Is Equal To: 0
[2024-08-19 17:28:41] INFO: Connected Sockets Cleaned!
[2024-08-19 17:28:41] WARNING: EventsNum Is Equal To: 0
[2024-08-19 17:28:51] INFO: Connected Sockets Cleaned!
[2024-08-19 17:28:51] WARNING: EventsNum Is Equal To: 0
[2024-08-19 17:29:01] INFO: Connected Sockets Cleaned!
[2024-08-19 17:29:01] WARNING: EventsNum Is Equal To: 0
[2024-08-19 17:29:11] INFO: Connected Sockets Cleaned!
[2024-08-19 17:29:11] WARNING: EventsNum Is Equal To: 0
[2024-08-19 17:29:21] INFO: Connected Sockets Cleaned!
[2024-08-19 17:29:21] WARNING: EventsNum Is Equal To: 0
[2024-08-19 17:29:31] INFO: Connected Sockets Cleaned!
[2024-08-19 17:29:31] WARNING: EventsNum Is Equal To: 0
[2024-08-19 17:29:41] INFO: Connected Sockets Cleaned!
[2024-08-19 17:29:41] WARNING: EventsNum Is Equal To: 0
[2024-08-19 17:29:51] INFO: Connected Sockets Cleaned!
[2024-08-19 17:29:51] WARNING: EventsNum Is Equal To: 0
[2024-08-19 17:30:01] INFO: Connected Sockets Cleaned!
[2024-08-19 17:30:01] WARNING: EventsNum Is Equal To: 0
[2024-08-19 17:30:11] INFO: Connected Sockets Cleaned!
[2024-08-19 17:30:11] WARNING: EventsNum Is Equal To: 0
[2024-08-19 17:30:21] INFO: Connected Sockets Cleaned!
[2024-08-19 17:30:21] WARNING: EventsNum Is Equal To: 0
[2024-08-19 17:30:31] INFO: Connected Sockets Cleaned!
[2024-08-19 17:30:31] WARNING: EventsNum Is Equal To: 0
[2024-08-19 17:30:41] INFO: Connected Sockets Cleaned!
[2024-08-19 17:30:41] WARNING: EventsNum Is Equal To: 0
[2024-08-19 17:30:51] INFO: Connected Sockets Cleaned!
[2024-08-19 17:30:51] WARNING: EventsNum Is Equal To: 0
[2024-08-19 17:31:01] INFO: Connected Sockets Cleaned!
[2024-08-19 17:31:01] WARNING: EventsNum Is Equal To: 0
[2024-08-19 17:31:11] INFO: Connected Sockets Cleaned!
[2024-08-19 17:31:11] WARNING: EventsNum Is Equal To: 0
[2024-08-19 17:31:21] INFO: Connected Sockets Cleaned!
[2024-08-19 17:31:21] WARNING: EventsNum Is Equal To: 0
[2024-08-19 17:31:31] INFO: Connected Sockets Cleaned!
[2024-08-19 17:31:31] WARNING: EventsNum Is Equal To: 0
[2024-08-19 17:31:41] INFO: Connected Sockets Cleaned!
[2024-08-19 17:31:41] WARNING: EventsNum Is Equal To: 0
[2024-08-19 17:31:51] INFO: Connected Sockets Cleaned!
[2024-08-19 17:31:51] WARNING: EventsNum Is Equal To: 0
[2024-08-19 17:32:01] INFO: Connected Sockets Cleaned!
[2024-08-19 17:32:01] WARNING: EventsNum Is Equal To: 0
[2024-08-19 17:32:12] INFO: Connected Sockets Cleaned!
[2024-08-19 17:32:12] WARNING: EventsNum Is Equal To: 0
[2024-08-19 17:32:22] INFO: Connected Sockets Cleaned!
[2024-08-19 17:32:22] WARNING: EventsNum Is Equal To: 0
[2024-08-19 17:32:32] INFO: Connected Sockets Cleaned!
[2024-08-19 17:32:32] WARNING: EventsNum Is Equal To: 0
[2024-08-19 17:32:42] INFO: Connected Sockets Cleaned!
[2024-08-19 17:32:42] WARNING: EventsNum Is Equal To: 0
[2024-08-19 17:32:52] INFO: Connected Sockets Cleaned!
[2024-08-19 17:32:52] WARNING: EventsNum Is Equal To: 0
[2024-08-19 17:33:02] INFO: Connected Sockets Cleaned!
[2024-08-19 17:33:02] WARNING: EventsNum Is Equal To: 0
[2024-08-19 17:33:12] INFO: Connected Sockets Cleaned!
[2024-08-19 17:33:12] WARNING: EventsNum Is Equal To: 0
[2024-08-19 17:33:22] INFO: Connected Sockets Cleaned!
[2024-08-19 17:33:22] WARNING: EventsNum Is Equal To: 0
[2024-08-19 17:33:32] INFO: Connected Sockets Cleaned!
[2024-08-19 17:33:32] WARNING: EventsNum Is Equal To: 0
[2024-08-19 17:33:42] INFO: Connected Sockets Cleaned!
[2024-08-19 17:33:42] WARNING: EventsNum Is Equal To: 0
[2024-08-19 17:33:52] INFO: Connected Sockets Cleaned!
[2024-08-19 17:33:52] WARNING: EventsNum Is Equal To: 0
[2024-08-19 17:34:02] INFO: Connected Sockets Cleaned!
[2024-08-19 17:34:02] WARNING: EventsNum Is Equal To: 0
[2024-08-19 17:34:12] INFO: Connected Sockets Cleaned!
[2024-08-19 17:34:12] WARNING: EventsNum Is Equal To: 0
[2024-08-19 17:34:22] INFO: Connected Sockets Cleaned!
[2024-08-19 17:34:22] WARNING: EventsNum Is Equal To: 0
[2024-08-19 17:34:32] INFO: Connected Sockets Cleaned!
[2024-08-19 17:34:32] WARNING: EventsNum Is Equal To: 0
[2024-08-19 17:34:42] INFO: Connected Sockets Cleaned!
[2024-08-19 17:34:42] WARNING: EventsNum Is Equal To: 0
[2024-08-19 17:34:52] INFO: Connected Sockets Cleaned!
[2024-08-19 17:34:52] WARNING: EventsNum Is Equal To: 0
[2024-08-19 17:35:02] INFO: Connected Sockets Cleaned!
[2024-08-19 17:35:02] WARNING: EventsNum Is Equal To: 0
[2024-08-19 17:35:12] INFO: Connected Sockets Cleaned!
[2024-08-19 17:35:12] WARNING: EventsNum Is Equal To: 0
[2024-08-19 17:35:22] INFO: Connected Sockets Cleaned!
[2024-08-19 17:35:22] WARNING: EventsNum Is Equal To: 0
[2024-08-19 17:35:32] INFO: Connected Sockets Cleaned!
[2024-08-19 17:35:32] WARNING: EventsNum Is Equal To: 0
[2024-08-19 17:35:42] INFO: Connected Sockets Cleaned!
[2024-08-19 17:35:42] WARNING: EventsNum Is Equal To: 0
[2024-08-19 17:35:52] INFO: Connected Sockets Cleaned!
[2024-08-19 17:35:52] WARNING: EventsNum Is Equal To: 0
[2024-08-19 17:36:02] INFO: Connected Sockets Cleaned!
[2024-08-19 17:36:02] WARNING: EventsNum Is Equal To: 0
[2024-08-19 17:36:12] INFO: Connected Sockets Cleaned!
[2024-08-19 17:36:12] WARNING: EventsNum Is Equal To: 0
[2024-08-19 17:36:22] INFO: Connected Sockets Cleaned!
[2024-08-19 17:36:22] WARNING: EventsNum Is Equal To: 0
[2024-08-19 17:36:32] INFO: Connected Sockets Cleaned!
[2024-08-19 17:36:32] WARNING: EventsNum Is Equal To: 0
[2024-08-19 17:36:42] INFO: Connected Sockets Cleaned!
[2024-08-19 17:36:42] WARNING: EventsNum Is Equal To: 0
[2024-08-19 17:36:52] INFO: Connected Sockets Cleaned!
[2024-08-19 17:36:52] WARNING: EventsNum Is Equal To: 0
[2024-08-19 17:37:02] INFO: Connected Sockets Cleaned!
[2024-08-19 17:37:02] WARNING: EventsNum Is Equal To: 0
[2024-08-19 17:37:12] INFO: Connected Sockets Cleaned!
[2024-08-19 17:37:12] WARNING: EventsNum Is Equal To: 0
[2024-08-19 17:37:22] INFO: Connected Sockets Cleaned!
[2024-08-19 17:37:22] WARNING: EventsNum Is Equal To: 0
[2024-08-19 17:37:32] INFO: Connected Sockets Cleaned!
[2024-08-19 17:37:32] WARNING: EventsNum Is Equal To: 0
[2024-08-19 22:31:19] INFO: Connected Sockets Cleaned!
[2024-08-19 22:31:19] WARNING: EventsNum Is Equal To: 0
[2024-08-19 22:31:29] INFO: Connected Sockets Cleaned!
[2024-08-19 22:31:29] WARNING: EventsNum Is Equal To: 0
[2024-08-19 22:31:39] INFO: Connected Sockets Cleaned!
[2024-08-19 22:31:39] WARNING: EventsNum Is Equal To: 0
[2024-08-19 22:31:49] INFO: Connected Sockets Cleaned!
[2024-08-19 22:31:49] WARNING: EventsNum Is Equal To: 0
[2024-08-19 22:31:59] INFO: Connected Sockets Cleaned!
[2024-08-19 22:31:59] WARNING: EventsNum Is Equal To: 0
[2024-08-19 22:32:09] INFO: Connected Sockets Cleaned!
[2024-08-19 22:32:09] WARNING: EventsNum Is Equal To: 0
[2024-08-19 22:32:19] INFO: Connected Sockets Cleaned!
[2024-08-19 22:32:19] WARNING: EventsNum Is Equal To: 0
[2024-08-19 22:32:29] INFO: Connected Sockets Cleaned!
[2024-08-19 22:32:29] WARNING: EventsNum Is Equal To: 0
[2024-08-19 22:32:39] INFO: Connected Sockets Cleaned!
[2024-08-19 22:32:39] WARNING: EventsNum Is Equal To: 0
[2024-08-19 22:32:49] INFO: Connected Sockets Cleaned!
[2024-08-19 22:32:49] WARNING: EventsNum Is Equal To: 0
[2024-08-19 22:32:59] INFO: Connected Sockets Cleaned!
[2024-08-19 22:32:59] WARNING: EventsNum Is Equal To: 0
[2024-08-19 22:33:09] INFO: Connected Sockets Cleaned!
[2024-08-19 22:33:09] WARNING: EventsNum Is Equal To: 0
[2024-08-19 22:33:19] INFO: Connected Sockets Cleaned!
[2024-08-19 22:33:19] WARNING: EventsNum Is Equal To: 0
[2024-08-19 22:33:29] INFO: Connected Sockets Cleaned!
[2024-08-19 22:33:29] WARNING: EventsNum Is Equal To: 0
[2024-08-19 22:33:39] INFO: Connected Sockets Cleaned!
[2024-08-19 22:33:39] WARNING: EventsNum Is Equal To: 0
[2024-08-19 22:33:49] INFO: Connected Sockets Cleaned!
[2024-08-19 22:33:49] WARNING: EventsNum Is Equal To: 0
[2024-08-19 22:33:59] INFO: Connected Sockets Cleaned!
[2024-08-19 22:33:59] WARNING: EventsNum Is Equal To: 0
[2024-08-19 22:34:09] INFO: Connected Sockets Cleaned!
[2024-08-19 22:34:09] WARNING: EventsNum Is Equal To: 0
[2024-08-19 22:34:19] INFO: Connected Sockets Cleaned!
[2024-08-19 22:34:19] WARNING: EventsNum Is Equal To: 0
[2024-08-19 22:34:29] INFO: Connected Sockets Cleaned!
[2024-08-19 22:34:29] WARNING: EventsNum Is Equal To: 0
[2024-08-19 22:34:39] INFO: Connected Sockets Cleaned!
[2024-08-19 22:34:39] WARNING: EventsNum Is Equal To: 0
[2024-08-19 22:34:49] INFO: Connected Sockets Cleaned!
[2024-08-19 22:34:49] WARNING: EventsNum Is Equal To: 0
[2024-08-19 22:34:59] INFO: Connected Sockets Cleaned!
[2024-08-19 22:34:59] WARNING: EventsNum Is Equal To: 0
[2024-08-19 22:35:09] INFO: Connected Sockets Cleaned!
[2024-08-19 22:35:09] WARNING: EventsNum Is Equal To: 0
[2024-08-19 22:35:19] INFO: Connected Sockets Cleaned!
[2024-08-19 22:35:19] WARNING: EventsNum Is Equal To: 0
[2024-08-19 22:35:29] INFO: Connected Sockets Cleaned!
[2024-08-19 22:35:29] WARNING: EventsNum Is Equal To: 0
[2024-08-19 22:35:39] INFO: Connected Sockets Cleaned!
[2024-08-19 22:35:39] WARNING: EventsNum Is Equal To: 0
[2024-08-19 22:35:46] INFO: Connected Sockets Cleaned!
[2024-08-19 22:35:46] WARNING: EventsNum Is Less Than: 0
[2024-08-19 22:36:41] ***** Run The Server *****
[2024-08-19 22:36:41] INFO: The Poll Constructor Called!
[2024-08-19 22:36:41] INFO: The Servers In The Poll Constructor Created!
[2024-08-19 22:36:41] INFO: MIME Loaded.
[2024-08-19 22:36:41] INFO: MIME Loaded.
[2024-08-19 22:36:41] INFO: MIME Loaded.
[2024-08-19 22:36:41] INFO: MIME Loaded.
[2024-08-19 22:36:41] INFO: The Fds In The Poll Constructor Initiated!
[2024-08-19 22:36:41] INFO: The Poll On The Server List start To set!
[2024-08-19 22:36:51] INFO: Connected Sockets Cleaned!
[2024-08-19 22:36:51] WARNING: EventsNum Is Equal To: 0
[2024-08-19 22:37:01] INFO: Connected Sockets Cleaned!
[2024-08-19 22:37:01] WARNING: EventsNum Is Equal To: 0
[2024-08-19 22:37:11] INFO: Connected Sockets Cleaned!
[2024-08-19 22:37:11] WARNING: EventsNum Is Equal To: 0
[2024-08-19 22:37:21] INFO: Connected Sockets Cleaned!
[2024-08-19 22:37:21] WARNING: EventsNum Is Equal To: 0
[2024-08-19 22:37:31] INFO: Connected Sockets Cleaned!
[2024-08-19 22:37:31] WARNING: EventsNum Is Equal To: 0
[2024-08-19 22:37:42] INFO: Connected Sockets Cleaned!
[2024-08-19 22:37:42] WARNING: EventsNum Is Equal To: 0
[2024-08-19 22:37:52] INFO: Connected Sockets Cleaned!
[2024-08-19 22:37:52] WARNING: EventsNum Is Equal To: 0
[2024-08-19 22:37:57] INFO: Connected Sockets Cleaned!
[2024-08-19 22:37:57] INFO: Connected Sockets Cleaned!
[2024-08-19 22:37:57] ERROR: Sig Request With Unsupported Extention!
[2024-08-19 22:37:57] INFO: MIME Loaded.
[2024-08-19 22:37:57] INFO: Received GET request for ./www//navid/cgi-bin/myScript.py?name=navid
[2024-08-19 22:37:57] ERROR: File Not Open In The readBinaryFile Function!
[2024-08-19 22:37:57] INFO: Received GET request for ./www//navid/cgi-bin/myScript.py?name=navid
[2024-08-19 22:37:57] INFO: Environment Variable Created!
[2024-08-19 22:37:57] INFO: CGI Passed!
[2024-08-19 22:37:57] Error: Getting File Information In generateETag function Failed: ./www//navid/cgi-bin/myScript.py?name=navid
[2024-08-19 22:37:57] esponse Generated for socket fd: 
[2024-08-19 22:37:57] INFO: Connected Sockets Cleaned!
[2024-08-19 22:37:57] esponse Sent for socket fd: 
[2024-08-19 22:37:57] INFO: Connected Sockets Cleaned!
[2024-08-19 22:38:07] INFO: Connected Sockets Cleaned!
[2024-08-19 22:38:07] WARNING: EventsNum Is Equal To: 0
[2024-08-19 22:38:17] INFO: Connected Sockets Cleaned!
[2024-08-19 22:38:17] WARNING: EventsNum Is Equal To: 0
[2024-08-19 22:38:27] INFO: Connected Sockets Cleaned!
[2024-08-19 22:38:27] WARNING: EventsNum Is Equal To: 0
[2024-08-19 22:38:37] INFO: Connected Sockets Cleaned!
[2024-08-19 22:38:37] WARNING: EventsNum Is Equal To: 0
[2024-08-19 22:38:47] INFO: Connected Sockets Cleaned!
[2024-08-19 22:38:47] WARNING: EventsNum Is Equal To: 0
[2024-08-19 22:38:57] INFO: Connected Sockets Cleaned!
[2024-08-19 22:38:57] WARNING: EventsNum Is Equal To: 0
[2024-08-19 22:39:07] INFO: Connected Sockets Cleaned!
[2024-08-19 22:39:07] WARNING: EventsNum Is Equal To: 0
[2024-08-19 22:39:17] INFO: Connected Sockets Cleaned!
[2024-08-19 22:39:17] WARNING: EventsNum Is Equal To: 0
[2024-08-19 22:39:27] INFO: Connected Sockets Cleaned!
[2024-08-19 22:39:27] WARNING: EventsNum Is Equal To: 0
[2024-08-19 22:39:37] INFO: Connected Sockets Cleaned!
[2024-08-19 22:39:37] WARNING: EventsNum Is Equal To: 0
[2024-08-19 22:39:47] INFO: Connected Sockets Cleaned!
[2024-08-19 22:39:47] WARNING: EventsNum Is Equal To: 0
[2024-08-19 22:39:57] INFO: Connected Sockets Cleaned!
[2024-08-19 22:39:57] WARNING: EventsNum Is Equal To: 0
[2024-08-19 22:40:07] INFO: Connected Sockets Cleaned!
[2024-08-19 22:40:07] WARNING: EventsNum Is Equal To: 0
[2024-08-19 22:40:17] INFO: Connected Sockets Cleaned!
[2024-08-19 22:40:17] WARNING: EventsNum Is Equal To: 0
[2024-08-19 22:40:27] INFO: Connected Sockets Cleaned!
[2024-08-19 22:40:27] WARNING: EventsNum Is Equal To: 0
[2024-08-19 22:40:37] INFO: Connected Sockets Cleaned!
[2024-08-19 22:40:37] WARNING: EventsNum Is Equal To: 0
[2024-08-19 22:40:38] INFO: Connected Sockets Cleaned!
[2024-08-19 22:40:38] WARNING: EventsNum Is Less Than: 0
[2024-08-19 22:41:03] ***** Run The Server *****
[2024-08-19 22:41:03] INFO: The Poll Constructor Called!
[2024-08-19 22:41:03] INFO: The Servers In The Poll Constructor Created!
[2024-08-19 22:41:03] INFO: MIME Loaded.
[2024-08-19 22:41:03] INFO: MIME Loaded.
[2024-08-19 22:41:03] INFO: MIME Loaded.
[2024-08-19 22:41:03] INFO: MIME Loaded.
[2024-08-19 22:41:03] INFO: The Fds In The Poll Constructor Initiated!
[2024-08-19 22:41:03] INFO: The Poll On The Server List start To set!
[2024-08-19 22:41:06] INFO: Connected Sockets Cleaned!
[2024-08-19 22:41:06] INFO: Connected Sockets Cleaned!
[2024-08-19 22:41:06] ERROR: Sig Request With Unsupported Extention!
[2024-08-19 22:41:06] INFO: MIME Loaded.
[2024-08-19 22:41:06] INFO: Received GET request for ./www//navid/cgi-bin/myScript.py?name=navid
[2024-08-19 22:41:06] ERROR: File Not Open In The readBinaryFile Function!
[2024-08-19 22:41:06] INFO: Received GET request for ./www//navid/cgi-bin/myScript.py?name=navid
[2024-08-19 22:48:50] ***** Run The Server *****
[2024-08-19 22:48:50] INFO: The Poll Constructor Called!
[2024-08-19 22:48:50] INFO: The Servers In The Poll Constructor Created!
[2024-08-19 22:48:50] INFO: MIME Loaded.
[2024-08-19 22:48:50] INFO: MIME Loaded.
[2024-08-19 22:48:50] INFO: MIME Loaded.
[2024-08-19 22:48:50] INFO: MIME Loaded.
[2024-08-19 22:48:50] INFO: The Fds In The Poll Constructor Initiated!
[2024-08-19 22:48:50] INFO: The Poll On The Server List start To set!
[2024-08-19 22:48:52] INFO: Connected Sockets Cleaned!
[2024-08-19 22:48:52] INFO: Connected Sockets Cleaned!
[2024-08-19 22:48:52] ERROR: Sig Request With Unsupported Extention!
[2024-08-19 22:48:52] INFO: MIME Loaded.
[2024-08-19 22:48:52] INFO: Received GET request for ./www//navid/cgi-bin/myScript.py?name=navid
[2024-08-19 22:48:52] ERROR: File Not Open In The readBinaryFile Function!
[2024-08-19 22:48:52] INFO: Received GET request for ./www//navid/cgi-bin/myScript.py?name=navid
[2024-08-19 22:48:52] INFO: Environment Variable Created!
[2024-08-19 22:48:52] INFO: CGI Passed!
[2024-08-19 22:48:52] Error: Getting File Information In generateETag function Failed: ./www//navid/cgi-bin/myScript.py?name=navid
[2024-08-19 22:48:52] esponse Generated for socket fd: 
[2024-08-19 22:48:52] INFO: Connected Sockets Cleaned!
[2024-08-19 22:48:52] esponse Sent for socket fd: 
[2024-08-19 22:48:52] INFO: Connected Sockets Cleaned!
[2024-08-19 22:49:02] INFO: Connected Sockets Cleaned!
[2024-08-19 22:49:02] WARNING: EventsNum Is Equal To: 0
[2024-08-19 22:49:12] INFO: Connected Sockets Cleaned!
[2024-08-19 22:49:12] WARNING: EventsNum Is Equal To: 0
[2024-08-19 22:49:22] INFO: Connected Sockets Cleaned!
[2024-08-19 22:49:22] WARNING: EventsNum Is Equal To: 0
[2024-08-19 22:49:32] INFO: Connected Sockets Cleaned!
[2024-08-19 22:49:32] WARNING: EventsNum Is Equal To: 0
[2024-08-19 22:49:42] INFO: Connected Sockets Cleaned!
[2024-08-19 22:49:42] WARNING: EventsNum Is Equal To: 0
[2024-08-19 22:49:52] INFO: Connected Sockets Cleaned!
[2024-08-19 22:49:52] WARNING: EventsNum Is Equal To: 0
[2024-08-19 22:50:02] INFO: Connected Sockets Cleaned!
[2024-08-19 22:50:02] WARNING: EventsNum Is Equal To: 0
[2024-08-19 22:50:12] INFO: Connected Sockets Cleaned!
[2024-08-19 22:50:12] WARNING: EventsNum Is Equal To: 0
[2024-08-19 22:50:21] INFO: Connected Sockets Cleaned!
[2024-08-19 22:50:21] INFO: Connected Sockets Cleaned!
[2024-08-19 22:50:21] ERROR: Sig Request With Unsupported Extention!
[2024-08-19 22:50:21] INFO: MIME Loaded.
[2024-08-19 22:50:21] INFO: Received GET request for ./www//navid/cgi-bin/myScript.py?name=navid
[2024-08-19 22:50:21] ERROR: File Not Open In The readBinaryFile Function!
[2024-08-19 22:50:21] INFO: Received GET request for ./www//navid/cgi-bin/myScript.py?name=navid
[2024-08-19 22:50:21] INFO: Environment Variable Created!
[2024-08-19 22:50:21] INFO: CGI Passed!
[2024-08-19 22:50:21] Error: Getting File Information In generateETag function Failed: ./www//navid/cgi-bin/myScript.py?name=navid
[2024-08-19 22:50:21] esponse Generated for socket fd: 
[2024-08-19 22:50:21] INFO: Connected Sockets Cleaned!
[2024-08-19 22:50:21] esponse Sent for socket fd: 
[2024-08-19 22:50:21] INFO: Connected Sockets Cleaned!
[2024-08-19 22:50:28] INFO: Connected Sockets Cleaned!
[2024-08-19 22:50:28] INFO: Connected Sockets Cleaned!
[2024-08-19 22:50:28] ERROR: Sig Request With Unsupported Extention!
[2024-08-19 22:50:28] INFO: MIME Loaded.
[2024-08-19 22:50:28] INFO: Received GET request for ./www//navid/cgi-bin/myScript.py?name=navid
[2024-08-19 22:50:28] ERROR: File Not Open In The readBinaryFile Function!
[2024-08-19 22:50:28] INFO: Received GET request for ./www//navid/cgi-bin/myScript.py?name=navid
[2024-08-19 22:50:28] INFO: Environment Variable Created!
[2024-08-19 22:50:28] INFO: CGI Passed!
[2024-08-19 22:50:28] Error: Getting File Information In generateETag function Failed: ./www//navid/cgi-bin/myScript.py?name=navid
[2024-08-19 22:50:28] esponse Generated for socket fd: 
[2024-08-19 22:50:28] INFO: Connected Sockets Cleaned!
[2024-08-19 22:50:28] esponse Sent for socket fd: 
[2024-08-19 22:50:28] INFO: Connected Sockets Cleaned!
[2024-08-19 22:50:38] INFO: Connected Sockets Cleaned!
[2024-08-19 22:50:38] WARNING: EventsNum Is Equal To: 0
[2024-08-19 22:50:48] INFO: Connected Sockets Cleaned!
[2024-08-19 22:50:48] WARNING: EventsNum Is Equal To: 0
[2024-08-19 22:50:59] INFO: Connected Sockets Cleaned!
[2024-08-19 22:50:59] WARNING: EventsNum Is Equal To: 0
[2024-08-19 22:51:09] INFO: Connected Sockets Cleaned!
[2024-08-19 22:51:09] WARNING: EventsNum Is Equal To: 0
[2024-08-19 22:51:19] INFO: Connected Sockets Cleaned!
[2024-08-19 22:51:19] WARNING: EventsNum Is Equal To: 0
[2024-08-19 22:51:29] INFO: Connected Sockets Cleaned!
[2024-08-19 22:51:29] WARNING: EventsNum Is Equal To: 0
[2024-08-19 22:51:38] INFO: Connected Sockets Cleaned!
[2024-08-19 22:51:38] INFO: Connected Sockets Cleaned!
[2024-08-19 22:51:38] ERROR: Sig Request With Unsupported Extention!
[2024-08-19 22:51:38] INFO: MIME Loaded.
[2024-08-19 22:51:38] INFO: Received GET request for ./www//navid/cgi-bin/myScript.py?name=navidfamily=nabaeei
[2024-08-19 22:51:38] ERROR: File Not Open In The readBinaryFile Function!
[2024-08-19 22:51:38] INFO: Received GET request for ./www//navid/cgi-bin/myScript.py?name=navidfamily=nabaeei
[2024-08-19 22:51:38] INFO: Environment Variable Created!
[2024-08-19 22:51:38] INFO: CGI Passed!
[2024-08-19 22:51:38] Error: Getting File Information In generateETag function Failed: ./www//navid/cgi-bin/myScript.py?name=navidfamily=nabaeei
[2024-08-19 22:51:38] esponse Generated for socket fd: 
[2024-08-19 22:51:38] INFO: Connected Sockets Cleaned!
[2024-08-19 22:51:38] esponse Sent for socket fd: 
[2024-08-19 22:51:38] INFO: Connected Sockets Cleaned!
[2024-08-19 22:51:48] INFO: Connected Sockets Cleaned!
[2024-08-19 22:51:48] WARNING: EventsNum Is Equal To: 0
[2024-08-19 22:51:51] INFO: Connected Sockets Cleaned!
[2024-08-19 22:51:51] INFO: Connected Sockets Cleaned!
[2024-08-19 22:51:51] ERROR: Sig Request With Unsupported Extention!
[2024-08-19 22:51:51] INFO: MIME Loaded.
[2024-08-19 22:51:51] INFO: Received GET request for ./www//navid/cgi-bin/myScript.py?name=navid&family=nabaeei
[2024-08-19 22:51:51] ERROR: File Not Open In The readBinaryFile Function!
[2024-08-19 22:51:51] INFO: Received GET request for ./www//navid/cgi-bin/myScript.py?name=navid&family=nabaeei
[2024-08-19 22:51:51] INFO: Environment Variable Created!
[2024-08-19 22:51:51] INFO: CGI Passed!
[2024-08-19 22:51:51] Error: Getting File Information In generateETag function Failed: ./www//navid/cgi-bin/myScript.py?name=navid&family=nabaeei
[2024-08-19 22:51:51] esponse Generated for socket fd: 
[2024-08-19 22:51:51] INFO: Connected Sockets Cleaned!
[2024-08-19 22:51:51] esponse Sent for socket fd: 
[2024-08-19 22:51:51] INFO: Connected Sockets Cleaned!
[2024-08-19 22:52:01] INFO: Connected Sockets Cleaned!
[2024-08-19 22:52:01] WARNING: EventsNum Is Equal To: 0
[2024-08-19 22:52:11] INFO: Connected Sockets Cleaned!
[2024-08-19 22:52:11] WARNING: EventsNum Is Equal To: 0
[2024-08-19 22:52:21] INFO: Connected Sockets Cleaned!
[2024-08-19 22:52:21] WARNING: EventsNum Is Equal To: 0
[2024-08-19 22:52:31] INFO: Connected Sockets Cleaned!
[2024-08-19 22:52:31] WARNING: EventsNum Is Equal To: 0
[2024-08-19 22:52:41] INFO: Connected Sockets Cleaned!
[2024-08-19 22:52:41] WARNING: EventsNum Is Equal To: 0
[2024-08-19 22:52:51] INFO: Connected Sockets Cleaned!
[2024-08-19 22:52:51] WARNING: EventsNum Is Equal To: 0
[2024-08-19 22:53:01] INFO: Connected Sockets Cleaned!
[2024-08-19 22:53:01] WARNING: EventsNum Is Equal To: 0
[2024-08-19 22:53:11] INFO: Connected Sockets Cleaned!
[2024-08-19 22:53:11] WARNING: EventsNum Is Equal To: 0
[2024-08-19 22:53:12] INFO: Connected Sockets Cleaned!
[2024-08-19 22:53:12] WARNING: EventsNum Is Less Than: 0
[2024-08-19 22:53:18] ***** Run The Server *****
[2024-08-19 22:53:18] INFO: The Poll Constructor Called!
[2024-08-19 22:53:18] INFO: The Servers In The Poll Constructor Created!
[2024-08-19 22:53:18] INFO: MIME Loaded.
[2024-08-19 22:53:18] INFO: MIME Loaded.
[2024-08-19 22:53:18] INFO: MIME Loaded.
[2024-08-19 22:53:18] INFO: MIME Loaded.
[2024-08-19 22:53:18] INFO: The Fds In The Poll Constructor Initiated!
[2024-08-19 22:53:18] INFO: The Poll On The Server List start To set!
[2024-08-19 22:53:24] INFO: Connected Sockets Cleaned!
[2024-08-19 22:53:24] INFO: Connected Sockets Cleaned!
[2024-08-19 22:53:24] INFO: MIME Loaded.
[2024-08-19 22:53:24] INFO: Received GET request for ./www//navid/cgi-bin/myScript.py?name=navid&family=nabaeei
[2024-08-19 22:53:24] ERROR: File Not Open In The readBinaryFile Function!
[2024-08-19 22:53:24] INFO: Received GET request for ./www//navid/cgi-bin/myScript.py?name=navid&family=nabaeei
[2024-08-19 22:53:24] INFO: Environment Variable Created!
[2024-08-19 22:53:24] INFO: CGI Passed!
[2024-08-19 22:53:24] Error: Getting File Information In generateETag function Failed: ./www//navid/cgi-bin/myScript.py?name=navid&family=nabaeei
[2024-08-19 22:53:24] esponse Generated for socket fd: 
[2024-08-19 22:53:24] INFO: Connected Sockets Cleaned!
[2024-08-19 22:53:24] esponse Sent for socket fd: 
[2024-08-19 22:53:24] INFO: Connected Sockets Cleaned!
[2024-08-19 22:53:34] INFO: Connected Sockets Cleaned!
[2024-08-19 22:53:34] WARNING: EventsNum Is Equal To: 0
[2024-08-19 22:53:44] INFO: Connected Sockets Cleaned!
[2024-08-19 22:53:44] WARNING: EventsNum Is Equal To: 0
[2024-08-19 22:53:54] INFO: Connected Sockets Cleaned!
[2024-08-19 22:53:54] WARNING: EventsNum Is Equal To: 0
[2024-08-19 22:54:04] INFO: Connected Sockets Cleaned!
[2024-08-19 22:54:04] WARNING: EventsNum Is Equal To: 0
[2024-08-19 22:54:14] INFO: Connected Sockets Cleaned!
[2024-08-19 22:54:14] WARNING: EventsNum Is Equal To: 0
[2024-08-19 22:54:24] INFO: Connected Sockets Cleaned!
[2024-08-19 22:54:24] WARNING: EventsNum Is Equal To: 0
[2024-08-19 22:54:34] INFO: Connected Sockets Cleaned!
[2024-08-19 22:54:34] WARNING: EventsNum Is Equal To: 0
[2024-08-19 22:54:44] INFO: Connected Sockets Cleaned!
[2024-08-19 22:54:44] WARNING: EventsNum Is Equal To: 0
[2024-08-19 22:54:54] INFO: Connected Sockets Cleaned!
[2024-08-19 22:54:54] WARNING: EventsNum Is Equal To: 0
[2024-08-19 22:55:04] INFO: Connected Sockets Cleaned!
[2024-08-19 22:55:04] WARNING: EventsNum Is Equal To: 0
[2024-08-19 22:55:14] INFO: Connected Sockets Cleaned!
[2024-08-19 22:55:14] WARNING: EventsNum Is Equal To: 0
[2024-08-19 22:55:24] INFO: Connected Sockets Cleaned!
[2024-08-19 22:55:24] WARNING: EventsNum Is Equal To: 0
[2024-08-19 22:55:34] INFO: Connected Sockets Cleaned!
[2024-08-19 22:55:34] WARNING: EventsNum Is Equal To: 0
[2024-08-19 22:55:44] INFO: Connected Sockets Cleaned!
[2024-08-19 22:55:44] WARNING: EventsNum Is Equal To: 0
[2024-08-19 22:55:54] INFO: Connected Sockets Cleaned!
[2024-08-19 22:55:54] WARNING: EventsNum Is Equal To: 0
[2024-08-19 22:56:04] INFO: Connected Sockets Cleaned!
[2024-08-19 22:56:04] WARNING: EventsNum Is Equal To: 0
[2024-08-19 22:56:14] INFO: Connected Sockets Cleaned!
[2024-08-19 22:56:14] WARNING: EventsNum Is Equal To: 0
[2024-08-19 22:56:24] INFO: Connected Sockets Cleaned!
[2024-08-19 22:56:24] WARNING: EventsNum Is Equal To: 0
[2024-08-19 22:56:34] INFO: Connected Sockets Cleaned!
[2024-08-19 22:56:34] WARNING: EventsNum Is Equal To: 0
[2024-08-19 22:56:44] INFO: Connected Sockets Cleaned!
[2024-08-19 22:56:44] WARNING: EventsNum Is Equal To: 0
[2024-08-19 22:56:54] INFO: Connected Sockets Cleaned!
[2024-08-19 22:56:54] WARNING: EventsNum Is Equal To: 0
[2024-08-19 22:57:04] INFO: Connected Sockets Cleaned!
[2024-08-19 22:57:04] WARNING: EventsNum Is Equal To: 0
[2024-08-19 22:57:14] INFO: Connected Sockets Cleaned!
[2024-08-19 22:57:14] WARNING: EventsNum Is Equal To: 0
[2024-08-19 22:57:24] INFO: Connected Sockets Cleaned!
[2024-08-19 22:57:24] WARNING: EventsNum Is Equal To: 0
[2024-08-19 22:57:34] INFO: Connected Sockets Cleaned!
[2024-08-19 22:57:34] WARNING: EventsNum Is Equal To: 0
[2024-08-19 22:57:44] INFO: Connected Sockets Cleaned!
[2024-08-19 22:57:44] WARNING: EventsNum Is Equal To: 0
[2024-08-19 22:57:54] INFO: Connected Sockets Cleaned!
[2024-08-19 22:57:54] WARNING: EventsNum Is Equal To: 0
[2024-08-19 22:58:04] INFO: Connected Sockets Cleaned!
[2024-08-19 22:58:04] WARNING: EventsNum Is Equal To: 0
[2024-08-19 22:58:14] INFO: Connected Sockets Cleaned!
[2024-08-19 22:58:14] WARNING: EventsNum Is Equal To: 0
[2024-08-19 22:58:24] INFO: Connected Sockets Cleaned!
[2024-08-19 22:58:24] WARNING: EventsNum Is Equal To: 0
[2024-08-19 22:58:34] INFO: Connected Sockets Cleaned!
[2024-08-19 22:58:34] WARNING: EventsNum Is Equal To: 0
[2024-08-19 22:58:44] INFO: Connected Sockets Cleaned!
[2024-08-19 22:58:44] WARNING: EventsNum Is Equal To: 0
[2024-08-19 22:58:54] INFO: Connected Sockets Cleaned!
[2024-08-19 22:58:54] WARNING: EventsNum Is Equal To: 0
[2024-08-19 22:59:04] INFO: Connected Sockets Cleaned!
[2024-08-19 22:59:04] WARNING: EventsNum Is Equal To: 0
[2024-08-19 22:59:14] INFO: Connected Sockets Cleaned!
[2024-08-19 22:59:14] WARNING: EventsNum Is Equal To: 0
[2024-08-19 22:59:24] INFO: Connected Sockets Cleaned!
[2024-08-19 22:59:24] WARNING: EventsNum Is Equal To: 0
[2024-08-19 22:59:34] INFO: Connected Sockets Cleaned!
[2024-08-19 22:59:34] WARNING: EventsNum Is Equal To: 0
[2024-08-19 22:59:44] INFO: Connected Sockets Cleaned!
[2024-08-19 22:59:44] WARNING: EventsNum Is Equal To: 0
[2024-08-19 22:59:54] INFO: Connected Sockets Cleaned!
[2024-08-19 22:59:54] WARNING: EventsNum Is Equal To: 0
[2024-08-19 23:00:04] INFO: Connected Sockets Cleaned!
[2024-08-19 23:00:04] WARNING: EventsNum Is Equal To: 0
[2024-08-19 23:00:14] INFO: Connected Sockets Cleaned!
[2024-08-19 23:00:14] WARNING: EventsNum Is Equal To: 0
[2024-08-19 23:00:24] INFO: Connected Sockets Cleaned!
[2024-08-19 23:00:24] WARNING: EventsNum Is Equal To: 0
[2024-08-19 23:00:34] INFO: Connected Sockets Cleaned!
[2024-08-19 23:00:34] WARNING: EventsNum Is Equal To: 0
[2024-08-19 23:00:44] INFO: Connected Sockets Cleaned!
[2024-08-19 23:00:44] WARNING: EventsNum Is Equal To: 0
[2024-08-19 23:00:54] INFO: Connected Sockets Cleaned!
[2024-08-19 23:00:54] WARNING: EventsNum Is Equal To: 0
[2024-08-19 23:01:04] INFO: Connected Sockets Cleaned!
[2024-08-19 23:01:04] WARNING: EventsNum Is Equal To: 0
[2024-08-19 23:01:14] INFO: Connected Sockets Cleaned!
[2024-08-19 23:01:14] WARNING: EventsNum Is Equal To: 0
[2024-08-19 23:01:24] INFO: Connected Sockets Cleaned!
[2024-08-19 23:01:24] WARNING: EventsNum Is Equal To: 0
[2024-08-19 23:01:34] INFO: Connected Sockets Cleaned!
[2024-08-19 23:01:34] WARNING: EventsNum Is Equal To: 0
[2024-08-19 23:01:44] INFO: Connected Sockets Cleaned!
[2024-08-19 23:01:44] WARNING: EventsNum Is Equal To: 0
[2024-08-19 23:01:54] INFO: Connected Sockets Cleaned!
[2024-08-19 23:01:54] WARNING: EventsNum Is Equal To: 0
[2024-08-19 23:02:04] INFO: Connected Sockets Cleaned!
[2024-08-19 23:02:04] WARNING: EventsNum Is Equal To: 0
[2024-08-19 23:02:05] INFO: Connected Sockets Cleaned!
[2024-08-19 23:02:05] WARNING: EventsNum Is Less Than: 0
[2024-08-19 23:02:25] ***** Run The Server *****
[2024-08-19 23:02:25] INFO: The Poll Constructor Called!
[2024-08-19 23:02:25] INFO: The Servers In The Poll Constructor Created!
[2024-08-19 23:02:25] INFO: MIME Loaded.
[2024-08-19 23:02:25] INFO: MIME Loaded.
[2024-08-19 23:02:25] INFO: MIME Loaded.
[2024-08-19 23:02:25] INFO: MIME Loaded.
[2024-08-19 23:02:25] INFO: The Fds In The Poll Constructor Initiated!
[2024-08-19 23:02:25] INFO: The Poll On The Server List start To set!
[2024-08-19 23:02:26] INFO: Connected Sockets Cleaned!
[2024-08-19 23:02:26] INFO: Connected Sockets Cleaned!
[2024-08-19 23:02:26] INFO: MIME Loaded.
[2024-08-19 23:02:26] INFO: Received GET request for ./www//navid/cgi-bin/myScript.py?name=navid&family=nabaeei
[2024-08-19 23:02:26] ERROR: File Not Open In The readBinaryFile Function!
[2024-08-19 23:02:26] INFO: Received GET request for ./www//navid/cgi-bin/myScript.py?name=navid&family=nabaeei
[2024-08-20 07:16:47] ***** Run The Server *****
[2024-08-20 07:16:47] INFO: The Poll Constructor Called!
[2024-08-20 07:16:47] INFO: The Servers In The Poll Constructor Created!
[2024-08-20 07:16:47] INFO: MIME Loaded.
[2024-08-20 07:16:47] INFO: MIME Loaded.
[2024-08-20 07:16:47] INFO: MIME Loaded.
[2024-08-20 07:16:47] INFO: MIME Loaded.
[2024-08-20 07:16:47] INFO: The Fds In The Poll Constructor Initiated!
[2024-08-20 07:16:47] INFO: The Poll On The Server List start To set!
[2024-08-20 07:16:57] INFO: Connected Sockets Cleaned!
[2024-08-20 07:16:57] WARNING: EventsNum Is Equal To: 0
[2024-08-20 07:17:07] INFO: Connected Sockets Cleaned!
[2024-08-20 07:17:07] WARNING: EventsNum Is Equal To: 0
[2024-08-20 07:17:17] INFO: Connected Sockets Cleaned!
[2024-08-20 07:17:17] WARNING: EventsNum Is Equal To: 0
[2024-08-20 07:17:27] INFO: Connected Sockets Cleaned!
[2024-08-20 07:17:27] WARNING: EventsNum Is Equal To: 0
[2024-08-20 07:17:37] INFO: Connected Sockets Cleaned!
[2024-08-20 07:17:37] WARNING: EventsNum Is Equal To: 0
[2024-08-20 07:17:42] INFO: Connected Sockets Cleaned!
[2024-08-20 07:17:42] INFO: Connected Sockets Cleaned!
[2024-08-20 07:17:42] INFO: MIME Loaded.
[2024-08-20 07:17:42] INFO: Received GET request for ./www//navid/cgi-bin/myScript.py?user=navid&family=nabaeei
[2024-08-20 07:17:42] ERROR: File Not Open In The readBinaryFile Function!
[2024-08-20 07:17:42] INFO: Received GET request for ./www//navid/cgi-bin/myScript.py?user=navid&family=nabaeei
[2024-08-20 07:17:49] ***** Run The Server *****
[2024-08-20 07:17:49] INFO: The Poll Constructor Called!
[2024-08-20 07:17:49] INFO: The Servers In The Poll Constructor Created!
[2024-08-20 07:17:49] INFO: MIME Loaded.
[2024-08-20 07:17:49] INFO: MIME Loaded.
[2024-08-20 07:17:49] INFO: MIME Loaded.
[2024-08-20 07:17:49] INFO: MIME Loaded.
[2024-08-20 07:17:49] INFO: The Fds In The Poll Constructor Initiated!
[2024-08-20 07:17:49] INFO: The Poll On The Server List start To set!
[2024-08-20 07:17:55] INFO: Connected Sockets Cleaned!
[2024-08-20 07:17:55] INFO: Connected Sockets Cleaned!
[2024-08-20 07:17:55] INFO: MIME Loaded.
[2024-08-20 07:17:55] INFO: Received GET request for ./www//navid/cgi-bin/myScript.py?user=navid&family=nabaeei
[2024-08-20 07:17:55] ERROR: File Not Open In The readBinaryFile Function!
[2024-08-20 07:17:55] INFO: Received GET request for ./www//navid/cgi-bin/myScript.py?user=navid&family=nabaeei
[2024-08-20 07:21:32] ***** Run The Server *****
[2024-08-20 07:21:32] INFO: The Poll Constructor Called!
[2024-08-20 07:21:32] INFO: The Servers In The Poll Constructor Created!
[2024-08-20 07:21:32] INFO: MIME Loaded.
[2024-08-20 07:21:32] INFO: MIME Loaded.
[2024-08-20 07:21:32] INFO: MIME Loaded.
[2024-08-20 07:21:32] INFO: MIME Loaded.
[2024-08-20 07:21:32] INFO: The Fds In The Poll Constructor Initiated!
[2024-08-20 07:21:32] INFO: The Poll On The Server List start To set!
[2024-08-20 07:21:35] INFO: Connected Sockets Cleaned!
[2024-08-20 07:21:35] INFO: Connected Sockets Cleaned!
[2024-08-20 07:21:35] INFO: MIME Loaded.
[2024-08-20 07:21:35] INFO: Received GET request for ./www//navid/cgi-bin/myScript.py?user=navid&family=nabaeei
[2024-08-20 07:21:35] ERROR: File Not Open In The readBinaryFile Function!
[2024-08-20 07:21:35] INFO: Received GET request for ./www//navid/cgi-bin/myScript.py?user=navid&family=nabaeei
[2024-08-20 07:22:31] ***** Run The Server *****
[2024-08-20 07:22:31] INFO: The Poll Constructor Called!
[2024-08-20 07:22:31] INFO: The Servers In The Poll Constructor Created!
[2024-08-20 07:22:31] INFO: MIME Loaded.
[2024-08-20 07:22:31] INFO: MIME Loaded.
[2024-08-20 07:22:31] INFO: MIME Loaded.
[2024-08-20 07:22:31] INFO: MIME Loaded.
[2024-08-20 07:22:31] INFO: The Fds In The Poll Constructor Initiated!
[2024-08-20 07:22:31] INFO: The Poll On The Server List start To set!
[2024-08-20 07:22:33] INFO: Connected Sockets Cleaned!
[2024-08-20 07:22:33] INFO: Connected Sockets Cleaned!
[2024-08-20 07:22:33] INFO: MIME Loaded.
[2024-08-20 07:22:33] INFO: Received GET request for ./www//navid/cgi-bin/myScript.py?user=navid&family=nabaeei
[2024-08-20 07:22:33] ERROR: File Not Open In The readBinaryFile Function!
[2024-08-20 07:22:33] INFO: Received GET request for ./www//navid/cgi-bin/myScript.py?user=navid&family=nabaeei
